<?xml version="1.0" encoding="UTF-8"?>
<testsuite name="com.udacity.project4.locationreminders.savereminder.SaveReminderViewModelTest" tests="1" skipped="0" failures="1" errors="0" timestamp="2023-08-30T16:53:53" hostname="Utkarshs-MBP.attlocal.net" time="0.01">
  <properties/>
  <testcase name="initializationError" classname="com.udacity.project4.locationreminders.savereminder.SaveReminderViewModelTest" time="0.01">
    <failure message="java.lang.IllegalArgumentException: failed to configure com.udacity.project4.locationreminders.savereminder.SaveReminderViewModelTest.validateEnteredData_emptyTitle_snackBarUpdated: Package targetSdkVersion=33 &gt; maxSdkVersion=29" type="java.lang.IllegalArgumentException">java.lang.IllegalArgumentException: failed to configure com.udacity.project4.locationreminders.savereminder.SaveReminderViewModelTest.validateEnteredData_emptyTitle_snackBarUpdated: Package targetSdkVersion=33 &gt; maxSdkVersion=29
	at org.robolectric.RobolectricTestRunner.getChildren(RobolectricTestRunner.java:242)
	at org.junit.runners.ParentRunner.getFilteredChildren(ParentRunner.java:534)
	at org.junit.runners.ParentRunner.getDescription(ParentRunner.java:400)
	at androidx.test.ext.junit.runners.AndroidJUnit4.getDescription(AndroidJUnit4.java:157)
	at org.junit.runners.model.RunnerBuilder.configureRunner(RunnerBuilder.java:81)
	at org.junit.runners.model.RunnerBuilder.safeRunnerForClass(RunnerBuilder.java:72)
	at org.junit.internal.builders.AllDefaultPossibilitiesBuilder.runnerForClass(AllDefaultPossibilitiesBuilder.java:37)
	at org.junit.runners.model.RunnerBuilder.safeRunnerForClass(RunnerBuilder.java:70)
	at org.junit.internal.requests.ClassRequest.createRunner(ClassRequest.java:28)
	at org.junit.internal.requests.MemoizingRequest.getRunner(MemoizingRequest.java:19)
	at org.gradle.api.internal.tasks.testing.junit.JUnitTestClassExecutor.runTestClass(JUnitTestClassExecutor.java:78)
	at org.gradle.api.internal.tasks.testing.junit.JUnitTestClassExecutor.execute(JUnitTestClassExecutor.java:58)
	at org.gradle.api.internal.tasks.testing.junit.JUnitTestClassExecutor.execute(JUnitTestClassExecutor.java:38)
	at org.gradle.api.internal.tasks.testing.junit.AbstractJUnitTestClassProcessor.processTestClass(AbstractJUnitTestClassProcessor.java:62)
	at org.gradle.api.internal.tasks.testing.SuiteTestClassProcessor.processTestClass(SuiteTestClassProcessor.java:51)
	at java.base/jdk.internal.reflect.NativeMethodAccessorImpl.invoke0(Native Method)
	at java.base/jdk.internal.reflect.NativeMethodAccessorImpl.invoke(Unknown Source)
	at java.base/jdk.internal.reflect.DelegatingMethodAccessorImpl.invoke(Unknown Source)
	at java.base/java.lang.reflect.Method.invoke(Unknown Source)
	at org.gradle.internal.dispatch.ReflectionDispatch.dispatch(ReflectionDispatch.java:36)
	at org.gradle.internal.dispatch.ReflectionDispatch.dispatch(ReflectionDispatch.java:24)
	at org.gradle.internal.dispatch.ContextClassLoaderDispatch.dispatch(ContextClassLoaderDispatch.java:33)
	at org.gradle.internal.dispatch.ProxyDispatchAdapter$DispatchingInvocationHandler.invoke(ProxyDispatchAdapter.java:94)
	at jdk.proxy1/jdk.proxy1.$Proxy2.processTestClass(Unknown Source)
	at org.gradle.api.internal.tasks.testing.worker.TestWorker$2.run(TestWorker.java:176)
	at org.gradle.api.internal.tasks.testing.worker.TestWorker.executeAndMaintainThreadName(TestWorker.java:129)
	at org.gradle.api.internal.tasks.testing.worker.TestWorker.execute(TestWorker.java:100)
	at org.gradle.api.internal.tasks.testing.worker.TestWorker.execute(TestWorker.java:60)
	at org.gradle.process.internal.worker.child.ActionExecutionWorker.execute(ActionExecutionWorker.java:56)
	at org.gradle.process.internal.worker.child.SystemApplicationClassLoaderWorker.call(SystemApplicationClassLoaderWorker.java:133)
	at org.gradle.process.internal.worker.child.SystemApplicationClassLoaderWorker.call(SystemApplicationClassLoaderWorker.java:71)
	at worker.org.gradle.process.internal.worker.GradleWorkerMain.run(GradleWorkerMain.java:69)
	at worker.org.gradle.process.internal.worker.GradleWorkerMain.main(GradleWorkerMain.java:74)
Caused by: java.lang.IllegalArgumentException: Package targetSdkVersion=33 &gt; maxSdkVersion=29
	at org.robolectric.plugins.DefaultSdkPicker.configuredSdks(DefaultSdkPicker.java:118)
	at org.robolectric.plugins.DefaultSdkPicker.selectSdks(DefaultSdkPicker.java:69)
	at org.robolectric.RobolectricTestRunner.getChildren(RobolectricTestRunner.java:208)
	... 32 more
</failure>
  </testcase>
  <system-out><![CDATA[]]></system-out>
  <system-err><![CDATA[]]></system-err>
</testsuite>
